<?xml version="1.0" encoding="UTF-8"?>
<!-- Generated by org.testng.reporters.JUnitReportReporter -->
<testsuite hostname="DESKTOP-4JOONED" failures="0" tests="6" name="tests.OrderBook" time="52.093" errors="0" timestamp="2022-10-02T23:51:01 BDT" skipped="0">
  <testcase classname="tests.OrderBook" name="hoverOnBangla" time="4.474"/>
  <system-out/>
  <testcase classname="tests.OrderBook" name="clickOnUpponash" time="3.744"/>
  <system-out/>
  <testcase classname="tests.OrderBook" name="selectNextPage" time="5.073"/>
  <system-out/>
  <testcase classname="tests.OrderBook" name="addToCart" time="21.566"/>
  <system-out/>
  <testcase classname="tests.OrderBook" name="hoverOnCartIcon" time="5.531"/>
  <system-out/>
  <testcase classname="tests.OrderBook" name="clickOnCheckOut" time="11.705"/>
  <system-out/>
</testsuite> <!-- tests.OrderBook -->
