<?xml version="1.0" encoding="UTF-8"?>
<!-- Generated by org.testng.reporters.JUnitReportReporter -->
<testsuite hostname="DESKTOP-4JOONED" failures="0" tests="12" name="tests.ProvideBellingDetails" time="13.363" errors="0" timestamp="2022-10-02T23:51:01 BDT" skipped="0">
  <testcase classname="tests.ProvideBellingDetails" name="fillDiscountCode" time="0.214"/>
  <system-out/>
  <testcase classname="tests.ProvideBellingDetails" name="fillName" time="0.178"/>
  <system-out/>
  <testcase classname="tests.ProvideBellingDetails" name="fillLastName" time="0.149"/>
  <system-out/>
  <testcase classname="tests.ProvideBellingDetails" name="clickOnCountry" time="0.152"/>
  <system-out/>
  <testcase classname="tests.ProvideBellingDetails" name="selectCountry" time="0.107"/>
  <system-out/>
  <testcase classname="tests.ProvideBellingDetails" name="fillAddress" time="0.249"/>
  <system-out/>
  <testcase classname="tests.ProvideBellingDetails" name="fillAddress2" time="0.207"/>
  <system-out/>
  <testcase classname="tests.ProvideBellingDetails" name="fillPostcode" time="0.158"/>
  <system-out/>
  <testcase classname="tests.ProvideBellingDetails" name="fillPhoneNumber" time="0.207"/>
  <system-out/>
  <testcase classname="tests.ProvideBellingDetails" name="fillEmail" time="0.167"/>
  <system-out/>
  <testcase classname="tests.ProvideBellingDetails" name="fillOrderNotes" time="7.252"/>
  <system-out/>
  <testcase classname="tests.ProvideBellingDetails" name="clickOnCheckBox" time="4.323"/>
  <system-out/>
</testsuite> <!-- tests.ProvideBellingDetails -->
